<?xml version="1.0" encoding="UTF-8"?>
<!-- Generated by org.testng.reporters.JUnitXMLReporter -->
<testsuite ignored="9" hostname="DESKTOP-RSB6NC4" failures="1" tests="10" name="Functional Testing" time="12.384" errors="0" timestamp="2022-09-15T16:51:46 IST">
  <testcase classname="testCases.VerifyTitleUsingAssert" name="titleTest" time="6.287"/>
  <testcase classname="testCases.VerifyTitleAndTextUsingSoftAssert" name="titleTest" time="6.04">
    <failure type="java.lang.AssertionError" message="The following asserts failed:
	Title verification failed expected [Electronics, Cars,fgg Fashion, Collectibles &amp;amp; More | eBay] but found [Electronics, Cars, Fashion, Collectibles &amp;amp; More | eBay],
	Text verification failed expected [Search123] but found [Search]">
      <![CDATA[java.lang.AssertionError: The following asserts failed:
Title verification failed expected [Electronics, Cars,fgg Fashion, Collectibles & More | eBay] but found [Electronics, Cars, Fashion, Collectibles & More | eBay],
Text verification failed expected [Search123] but found [Search]
at testCases.VerifyTitleAndTextUsingSoftAssert.titleTest(VerifyTitleAndTextUsingSoftAssert.java:57)
at java.base/java.util.ArrayList.forEach(ArrayList.java:1511)
... Removed 30 stack frames]]>
    </failure>
  </testcase> <!-- titleTest -->
  <testcase classname="testCases.GroupingTestCases" name="bTest3" time="0.001"/>
  <testcase classname="testCases.GroupingTestCases" name="bTest4" time="0.001"/>
  <testcase classname="testCases.GroupingTestCases" name="aTest1" time="0.001"/>
  <testcase classname="testCases.GroupingTestCases" name="bTest2" time="0.0"/>
  <testcase classname="testCases.LoginTestWithAnnotations" name="aTest1" time="0.0"/>
  <testcase classname="testCases.LoginTestWithAnnotations" name="aTest2" time="0.0"/>
  <testcase classname="testCases.SkipTestcases" name="skipTest2" time="0.0">
    <skipped/>
  </testcase> <!-- skipTest2 -->
  <testcase classname="testCases.SkipTestcases" name="skipTest3" time="0.001">
    <skipped/>
  </testcase> <!-- skipTest3 -->
  <testcase classname="commons.CommonDataSetup" name="@AfterSuite dataTearDown" time="0.0">
    <ignored/>
  </testcase> <!-- @AfterSuite dataTearDown -->
  <testcase classname="commons.CommonDataSetup" name="@AfterSuite dataTearDown" time="0.0">
    <ignored/>
  </testcase> <!-- @AfterSuite dataTearDown -->
  <testcase classname="commons.CommonDataSetup" name="@AfterSuite dataTearDown" time="0.0">
    <ignored/>
  </testcase> <!-- @AfterSuite dataTearDown -->
  <testcase classname="commons.CommonDataSetup" name="@AfterSuite dataTearDown" time="0.0">
    <ignored/>
  </testcase> <!-- @AfterSuite dataTearDown -->
  <testcase classname="commons.CommonDataSetup" name="@BeforeSuite dataSetup" time="0.0">
    <ignored/>
  </testcase> <!-- @BeforeSuite dataSetup -->
  <testcase classname="commons.CommonDataSetup" name="@BeforeSuite dataSetup" time="0.0">
    <ignored/>
  </testcase> <!-- @BeforeSuite dataSetup -->
  <testcase classname="commons.CommonDataSetup" name="@BeforeSuite dataSetup" time="0.0">
    <ignored/>
  </testcase> <!-- @BeforeSuite dataSetup -->
  <testcase classname="commons.CommonDataSetup" name="@BeforeSuite dataSetup" time="0.0">
    <ignored/>
  </testcase> <!-- @BeforeSuite dataSetup -->
  <testcase classname="testCases.SkipTestcases" name="skipTest1" time="0.0">
    <ignored/>
  </testcase> <!-- skipTest1 -->
</testsuite> <!-- Functional Testing -->
